<?xml version="1.0" encoding="UTF-8"?>
<!-- Generated by org.testng.reporters.JUnitReportReporter -->
<testsuite hostname="Victus" failures="0" tests="3" name="tests.LoginTest" time="3.257" errors="0" timestamp="2025-09-04T11:09:35 IST" skipped="0">
  <testcase classname="tests.LoginTest" name="LoginWithValidPhoneNumber" time="0.654"/>
  <testcase classname="tests.LoginTest" name="LoginWithInvalidPhoneNumber" time="0.419"/>
  <testcase classname="tests.LoginTest" name="VerifyLoginUIElements" time="2.184"/>
</testsuite> <!-- tests.LoginTest -->
