<?xml version="1.0" encoding="UTF-8"?>
<!-- Generated by org.testng.reporters.JUnitReportReporter -->
<testsuite hostname="Victus" failures="0" tests="3" name="tests.CartAndOrderTest" time="11.411" errors="0" timestamp="2025-09-04T11:09:35 IST" skipped="0">
  <testcase classname="tests.CartAndOrderTest" name="RemoveProductFromCart" time="0.478"/>
  <testcase classname="tests.CartAndOrderTest" name="VerifyProductPriceByChangingQTY" time="10.747"/>
  <testcase classname="tests.CartAndOrderTest" name="AddProductToCart" time="0.186"/>
</testsuite> <!-- tests.CartAndOrderTest -->
