<?xml version="1.0" encoding="UTF-8"?>
<!-- Generated by org.testng.reporters.JUnitReportReporter -->
<testsuite hostname="Victus" failures="0" tests="5" name="tests.ProductBrowsingTest" time="29.529" errors="0" timestamp="2025-09-04T11:09:35 IST" skipped="0">
  <testcase classname="tests.ProductBrowsingTest" name="SearchWithoutAnyText" time="2.922"/>
  <testcase classname="tests.ProductBrowsingTest" name="SearchProduct" time="2.525"/>
  <testcase classname="tests.ProductBrowsingTest" name="SortProduct" time="0.083"/>
  <testcase classname="tests.ProductBrowsingTest" name="ApplyFilter" time="21.028"/>
  <testcase classname="tests.ProductBrowsingTest" name="VerifyProductDetails" time="2.971"/>
</testsuite> <!-- tests.ProductBrowsingTest -->
